<?xml version="1.0" encoding="UTF-8"?>
<testsuite name="UmbrellaTest" tests="2" skipped="0" failures="0" errors="0" timestamp="2021-06-10T03:53:34" hostname="DESKTOP-1J6HPMQ" time="1.234">
  <properties/>
  <testcase name="totalPrice()" classname="UmbrellaTest" time="1.231"/>
  <testcase name="totalPrice_sunny()" classname="UmbrellaTest" time="0.002"/>
  <system-out><![CDATA[]]></system-out>
  <system-err><![CDATA[]]></system-err>
</testsuite>
